<?xml version="1.0" encoding="UTF-8"?>
<!-- Generated by org.testng.reporters.JUnitReportReporter -->
<testsuite hostname="DESKTOP-QK082SQ" failures="0" tests="2" name="Test_Cases.Demo_Sauce_testng" time="122.508" errors="0" timestamp="2020-03-13T20:59:46 IST" skipped="0">
  <testcase classname="Test_Cases.Demo_Sauce_testng" name="Logindata" time="58.393"/>
  <testcase classname="Test_Cases.Demo_Sauce_testng" name="Logindata" time="64.115"/>
</testsuite> <!-- Test_Cases.Demo_Sauce_testng -->
